<?xml version="1.0" encoding="UTF-8"?>
<!-- Generated by org.testng.reporters.JUnitReportReporter -->
<testsuite hostname="LaptopThu" failures="0" tests="1" name="googleSearch.GoogleSearch" time="1.502" errors="0" timestamp="16 Sep 2022 10:48:55 GMT" skipped="0">
  <testcase classname="googleSearch.GoogleSearch" name="Google_Search" time="1.502"/>
</testsuite> <!-- googleSearch.GoogleSearch -->
